---------------------------------------------------------------
[ 2018-11-07T20:32:42+08:00 ] ::1 POST localhost.localhost/shop/login.html
[ info ] 你进来了63
---------------------------------------------------------------
[ 2018-11-07T20:32:42+08:00 ] ::1 POST localhost.localhost/shop/login.html
[运行时间：0.438477s] [吞吐率：2.28req/s] [内存消耗：3,236.02kb] [文件加载：102]
[ info ] [ LANG ] D:\PHPTutorial\WWW\shop\thinkphp\lang\zh-cn.php
[ info ] [ ROUTE ] array (
  'rule' => 'login',
  'route' => 'admin/login/login',
  'option' => 
  array (
    'merge_rule_regex' => false,
  ),
  'var' => 
  array (
  ),
)
[ info ] [ HEADER ] array (
  'accept-language' => 'zh-CN,zh;q=0.9',
  'accept-encoding' => 'gzip, deflate, br',
  'referer' => 'http://localhost/shop/login',
  'content-type' => 'application/x-www-form-urlencoded; charset=UTF-8',
  'user-agent' => 'Mozilla/5.0 (Windows NT 6.1; WOW64) AppleWebKit/537.36 (KHTML, like Gecko) Chrome/70.0.3538.67 Safari/537.36',
  'origin' => 'http://localhost',
  'accept' => 'application/json, text/javascript, */*; q=0.01',
  'content-length' => '38',
  'connection' => 'close',
  'host' => 'localhost.localhost',
)
[ info ] [ PARAM ] array (
  'username' => 'kaka',
  'password' => '123456',
  'vertify' => '',
)
[ info ] [ DB ] INIT mysql
[ sql ] [ DB ] CONNECT:[ UseTime:0.003906s ] mysql:host=127.0.0.1;dbname=tp_shop;charset=utf8
[ sql ] [ SQL ] SHOW COLUMNS FROM `tp_user` [ RunTime:0.041993s ]
[ sql ] [ SQL ] SELECT * FROM `tp_user` WHERE  `user_name` = 'kaka' LIMIT 1 [ RunTime:0.001953s ]
[ sql ] [ SQL ] SHOW COLUMNS FROM `tp_user_role` [ RunTime:0.043946s ]
[ sql ] [ SQL ] SELECT * FROM `tp_user_role` WHERE  `role_id` = 1  AND `role_status` = 1 LIMIT 1 [ RunTime:0.001953s ]
[ sql ] [ SQL ] SHOW COLUMNS FROM `tp_user_group` [ RunTime:0.038086s ]
[ sql ] [ SQL ] SELECT `group_id`,`module_id_array` FROM `tp_user_group` WHERE  `group_status` = 1  AND `group_id` = 54 [ RunTime:0.000976s ]
[ sql ] [ SQL ] UPDATE `tp_user`  SET `current_login_ip` = '::1' , `current_login_time` = '2018-11-07 20-32-42' , `last_login_time` = '2017-07-21 18:17:32'  WHERE  `uid` = 63 [ RunTime:0.008789s ]
