---------------------------------------------------------------
[ 2018-11-15T15:58:49+08:00 ] ::1 GET localhost/shop/admin/login/login
[运行时间：0.103516s] [吞吐率：9.66req/s] [内存消耗：1,884.77kb] [文件加载：78]
[ info ] [ LANG ] D:\PHPTutorial\WWW\shop\thinkphp\lang\zh-cn.php
[ info ] [ ROUTE ] array (
  'rule' => 'admin/login/<action>',
  'route' => 'admin/login/login',
  'option' => 
  array (
    'merge_rule_regex' => false,
  ),
  'var' => 
  array (
    'action' => 'login',
  ),
)
[ info ] [ HEADER ] array (
  'accept-language' => 'zh-CN,zh;q=0.9',
  'accept-encoding' => 'gzip, deflate, br',
  'accept' => 'text/html,application/xhtml+xml,application/xml;q=0.9,image/webp,image/apng,*/*;q=0.8',
  'user-agent' => 'Mozilla/5.0 (Windows NT 6.1; WOW64) AppleWebKit/537.36 (KHTML, like Gecko) Chrome/70.0.3538.67 Safari/537.36',
  'upgrade-insecure-requests' => '1',
  'connection' => 'close',
  'host' => 'localhost',
)
[ info ] [ PARAM ] array (
  'action' => 'login',
)
[ info ] [ VIEW ] D:\PHPTutorial\WWW\shop\application\admin\view\login\login.html [ array (
) ]
---------------------------------------------------------------
[ 2018-11-15T15:58:49+08:00 ] ::1 GET localhost.localhost/shop/admin/login/verify.html
[ info ] 进入了规避重复请求
---------------------------------------------------------------
[ 2018-11-15T15:58:49+08:00 ] ::1 GET localhost.localhost/shop/admin/login/verify.html
[ info ] 正常操作
---------------------------------------------------------------
[ 2018-11-15T15:58:49+08:00 ] ::1 GET localhost.localhost/shop/admin/login/verify.html
[运行时间：0.224609s] [吞吐率：4.45req/s] [内存消耗：1,868.67kb] [文件加载：78]
[ info ] [ LANG ] D:\PHPTutorial\WWW\shop\thinkphp\lang\zh-cn.php
[ info ] [ ROUTE ] array (
  'rule' => 'admin/login/verify',
  'route' => 'admin/login/verify',
  'option' => 
  array (
    'merge_rule_regex' => false,
  ),
  'var' => 
  array (
  ),
)
[ info ] [ HEADER ] array (
  'accept-language' => 'zh-CN,zh;q=0.9',
  'accept-encoding' => 'gzip, deflate, br',
  'referer' => 'http://localhost/shop/admin/login/login',
  'accept' => 'image/webp,image/apng,image/*,*/*;q=0.8',
  'user-agent' => 'Mozilla/5.0 (Windows NT 6.1; WOW64) AppleWebKit/537.36 (KHTML, like Gecko) Chrome/70.0.3538.67 Safari/537.36',
  'connection' => 'close',
  'host' => 'localhost.localhost',
)
[ info ] [ PARAM ] array (
)
---------------------------------------------------------------
[ 2018-11-15T15:58:56+08:00 ] ::1 GET localhost/shop/inex
[运行时间：0.052734s] [吞吐率：18.96req/s] [内存消耗：1,466.50kb] [文件加载：65]
[ info ] [ LANG ] D:\PHPTutorial\WWW\shop\thinkphp\lang\zh-cn.php
---------------------------------------------------------------
[ 2018-11-15T15:58:59+08:00 ] ::1 GET localhost/shop/index
[运行时间：0.059570s] [吞吐率：16.79req/s] [内存消耗：1,885.81kb] [文件加载：80]
[ info ] [ LANG ] D:\PHPTutorial\WWW\shop\thinkphp\lang\zh-cn.php
[ info ] [ ROUTE ] array (
)
[ info ] [ HEADER ] array (
  'accept-language' => 'zh-CN,zh;q=0.9',
  'accept-encoding' => 'gzip, deflate, br',
  'accept' => 'text/html,application/xhtml+xml,application/xml;q=0.9,image/webp,image/apng,*/*;q=0.8',
  'user-agent' => 'Mozilla/5.0 (Windows NT 6.1; WOW64) AppleWebKit/537.36 (KHTML, like Gecko) Chrome/70.0.3538.67 Safari/537.36',
  'upgrade-insecure-requests' => '1',
  'connection' => 'close',
  'host' => 'localhost',
)
[ info ] [ PARAM ] array (
)
[ error ] [0]致命错误: Class 'Upload' not found[D:\PHPTutorial\WWW\shop\data\service\AlbumService.php:20]
---------------------------------------------------------------
[ 2018-11-15T15:59:29+08:00 ] ::1 GET localhost/shop/index
[运行时间：0.056640s] [吞吐率：17.66req/s] [内存消耗：1,885.94kb] [文件加载：80]
[ info ] [ LANG ] D:\PHPTutorial\WWW\shop\thinkphp\lang\zh-cn.php
[ info ] [ ROUTE ] array (
)
[ info ] [ HEADER ] array (
  'accept-language' => 'zh-CN,zh;q=0.9',
  'accept-encoding' => 'gzip, deflate, br',
  'accept' => 'text/html,application/xhtml+xml,application/xml;q=0.9,image/webp,image/apng,*/*;q=0.8',
  'user-agent' => 'Mozilla/5.0 (Windows NT 6.1; WOW64) AppleWebKit/537.36 (KHTML, like Gecko) Chrome/70.0.3538.67 Safari/537.36',
  'upgrade-insecure-requests' => '1',
  'cache-control' => 'max-age=0',
  'connection' => 'close',
  'host' => 'localhost',
)
[ info ] [ PARAM ] array (
)
[ error ] [0]致命错误: Class 'Upload' not found[D:\PHPTutorial\WWW\shop\data\service\AlbumService.php:20]
---------------------------------------------------------------
[ 2018-11-15T16:01:16+08:00 ] ::1 GET localhost/shop/index
[运行时间：0.063477s] [吞吐率：15.75req/s] [内存消耗：1,894.37kb] [文件加载：82]
[ info ] [ LANG ] D:\PHPTutorial\WWW\shop\thinkphp\lang\zh-cn.php
[ info ] [ ROUTE ] array (
)
[ info ] [ HEADER ] array (
  'accept-language' => 'zh-CN,zh;q=0.9',
  'accept-encoding' => 'gzip, deflate, br',
  'accept' => 'text/html,application/xhtml+xml,application/xml;q=0.9,image/webp,image/apng,*/*;q=0.8',
  'user-agent' => 'Mozilla/5.0 (Windows NT 6.1; WOW64) AppleWebKit/537.36 (KHTML, like Gecko) Chrome/70.0.3538.67 Safari/537.36',
  'upgrade-insecure-requests' => '1',
  'cache-control' => 'max-age=0',
  'connection' => 'close',
  'host' => 'localhost',
)
[ info ] [ PARAM ] array (
)
[ error ] [0]致命错误: Call to a member function getInfo() on null[D:\PHPTutorial\WWW\shop\data\util\Upload.php:68]
---------------------------------------------------------------
[ 2018-11-15T16:01:21+08:00 ] ::1 GET localhost/shop/index
[运行时间：0.051758s] [吞吐率：19.32req/s] [内存消耗：1,894.37kb] [文件加载：82]
[ info ] [ LANG ] D:\PHPTutorial\WWW\shop\thinkphp\lang\zh-cn.php
[ info ] [ ROUTE ] array (
)
[ info ] [ HEADER ] array (
  'accept-language' => 'zh-CN,zh;q=0.9',
  'accept-encoding' => 'gzip, deflate, br',
  'accept' => 'text/html,application/xhtml+xml,application/xml;q=0.9,image/webp,image/apng,*/*;q=0.8',
  'user-agent' => 'Mozilla/5.0 (Windows NT 6.1; WOW64) AppleWebKit/537.36 (KHTML, like Gecko) Chrome/70.0.3538.67 Safari/537.36',
  'upgrade-insecure-requests' => '1',
  'cache-control' => 'max-age=0',
  'connection' => 'close',
  'host' => 'localhost',
)
[ info ] [ PARAM ] array (
)
[ error ] [0]致命错误: Call to a member function getInfo() on null[D:\PHPTutorial\WWW\shop\data\util\Upload.php:68]
---------------------------------------------------------------
[ 2018-11-15T16:01:28+08:00 ] ::1 GET localhost/shop/index/index/index
[运行时间：0.055664s] [吞吐率：17.96req/s] [内存消耗：1,894.31kb] [文件加载：82]
[ info ] [ LANG ] D:\PHPTutorial\WWW\shop\thinkphp\lang\zh-cn.php
[ info ] [ ROUTE ] array (
)
[ info ] [ HEADER ] array (
  'accept-language' => 'zh-CN,zh;q=0.9',
  'accept-encoding' => 'gzip, deflate, br',
  'accept' => 'text/html,application/xhtml+xml,application/xml;q=0.9,image/webp,image/apng,*/*;q=0.8',
  'user-agent' => 'Mozilla/5.0 (Windows NT 6.1; WOW64) AppleWebKit/537.36 (KHTML, like Gecko) Chrome/70.0.3538.67 Safari/537.36',
  'upgrade-insecure-requests' => '1',
  'connection' => 'close',
  'host' => 'localhost',
)
[ info ] [ PARAM ] array (
)
[ error ] [0]致命错误: Call to a member function getInfo() on null[D:\PHPTutorial\WWW\shop\data\util\Upload.php:68]
---------------------------------------------------------------
[ 2018-11-15T16:01:55+08:00 ] ::1 GET localhost/shop/index/index/index
[运行时间：0.060547s] [吞吐率：16.52req/s] [内存消耗：1,894.44kb] [文件加载：82]
[ info ] [ LANG ] D:\PHPTutorial\WWW\shop\thinkphp\lang\zh-cn.php
[ info ] [ ROUTE ] array (
)
[ info ] [ HEADER ] array (
  'accept-language' => 'zh-CN,zh;q=0.9',
  'accept-encoding' => 'gzip, deflate, br',
  'accept' => 'text/html,application/xhtml+xml,application/xml;q=0.9,image/webp,image/apng,*/*;q=0.8',
  'user-agent' => 'Mozilla/5.0 (Windows NT 6.1; WOW64) AppleWebKit/537.36 (KHTML, like Gecko) Chrome/70.0.3538.67 Safari/537.36',
  'upgrade-insecure-requests' => '1',
  'cache-control' => 'max-age=0',
  'connection' => 'close',
  'host' => 'localhost',
)
[ info ] [ PARAM ] array (
)
[ error ] [0]致命错误: Call to a member function getInfo() on null[D:\PHPTutorial\WWW\shop\data\util\Upload.php:68]
---------------------------------------------------------------
[ 2018-11-15T16:02:07+08:00 ] ::1 GET localhost/shop/index/index/index
[运行时间：0.055664s] [吞吐率：17.96req/s] [内存消耗：1,894.44kb] [文件加载：82]
[ info ] [ LANG ] D:\PHPTutorial\WWW\shop\thinkphp\lang\zh-cn.php
[ info ] [ ROUTE ] array (
)
[ info ] [ HEADER ] array (
  'accept-language' => 'zh-CN,zh;q=0.9',
  'accept-encoding' => 'gzip, deflate, br',
  'accept' => 'text/html,application/xhtml+xml,application/xml;q=0.9,image/webp,image/apng,*/*;q=0.8',
  'user-agent' => 'Mozilla/5.0 (Windows NT 6.1; WOW64) AppleWebKit/537.36 (KHTML, like Gecko) Chrome/70.0.3538.67 Safari/537.36',
  'upgrade-insecure-requests' => '1',
  'cache-control' => 'max-age=0',
  'connection' => 'close',
  'host' => 'localhost',
)
[ info ] [ PARAM ] array (
)
[ error ] [0]致命错误: Call to a member function getInfo() on null[D:\PHPTutorial\WWW\shop\data\util\Upload.php:68]
---------------------------------------------------------------
[ 2018-11-15T16:02:43+08:00 ] ::1 GET localhost/shop/index/index/index
[运行时间：0.052734s] [吞吐率：18.96req/s] [内存消耗：1,890.88kb] [文件加载：77]
[ info ] [ LANG ] D:\PHPTutorial\WWW\shop\thinkphp\lang\zh-cn.php
[ info ] [ ROUTE ] array (
)
[ info ] [ HEADER ] array (
  'accept-language' => 'zh-CN,zh;q=0.9',
  'accept-encoding' => 'gzip, deflate, br',
  'accept' => 'text/html,application/xhtml+xml,application/xml;q=0.9,image/webp,image/apng,*/*;q=0.8',
  'user-agent' => 'Mozilla/5.0 (Windows NT 6.1; WOW64) AppleWebKit/537.36 (KHTML, like Gecko) Chrome/70.0.3538.67 Safari/537.36',
  'upgrade-insecure-requests' => '1',
  'cache-control' => 'max-age=0',
  'connection' => 'close',
  'host' => 'localhost',
)
[ info ] [ PARAM ] array (
)
[ info ] [ VIEW ] D:\PHPTutorial\WWW\shop\application\index\view\index\index.html [ array (
) ]
---------------------------------------------------------------
[ 2018-11-15T16:03:02+08:00 ] ::1 POST localhost/shop/index/index/index.html
[运行时间：0.056641s] [吞吐率：17.66req/s] [内存消耗：1,880.30kb] [文件加载：78]
[ info ] [ LANG ] D:\PHPTutorial\WWW\shop\thinkphp\lang\zh-cn.php
[ info ] [ ROUTE ] array (
)
[ info ] [ HEADER ] array (
  'accept-language' => 'zh-CN,zh;q=0.9',
  'accept-encoding' => 'gzip, deflate, br',
  'referer' => 'http://localhost/shop/index/index/index',
  'accept' => 'text/html,application/xhtml+xml,application/xml;q=0.9,image/webp,image/apng,*/*;q=0.8',
  'user-agent' => 'Mozilla/5.0 (Windows NT 6.1; WOW64) AppleWebKit/537.36 (KHTML, like Gecko) Chrome/70.0.3538.67 Safari/537.36',
  'content-type' => 'multipart/form-data; boundary=----WebKitFormBoundaryoAfsLXSVzntF6ccd',
  'upgrade-insecure-requests' => '1',
  'origin' => 'http://localhost',
  'cache-control' => 'max-age=0',
  'content-length' => '189',
  'connection' => 'close',
  'host' => 'localhost',
)
[ info ] [ PARAM ] array (
)
[ error ] [0]没有文件被上传！[D:\PHPTutorial\WWW\shop\thinkphp\library\think\Request.php:1256]
---------------------------------------------------------------
[ 2018-11-15T16:03:12+08:00 ] ::1 POST localhost/shop/index/index/index.html
[运行时间：0.081054s] [吞吐率：12.34req/s] [内存消耗：1,942.83kb] [文件加载：84]
[ info ] [ LANG ] D:\PHPTutorial\WWW\shop\thinkphp\lang\zh-cn.php
[ info ] [ ROUTE ] array (
)
[ info ] [ HEADER ] array (
  'accept-language' => 'zh-CN,zh;q=0.9',
  'accept-encoding' => 'gzip, deflate, br',
  'referer' => 'http://localhost/shop/index/index/index',
  'accept' => 'text/html,application/xhtml+xml,application/xml;q=0.9,image/webp,image/apng,*/*;q=0.8',
  'user-agent' => 'Mozilla/5.0 (Windows NT 6.1; WOW64) AppleWebKit/537.36 (KHTML, like Gecko) Chrome/70.0.3538.67 Safari/537.36',
  'content-type' => 'multipart/form-data; boundary=----WebKitFormBoundary3kcwzE6ntC3gDvCy',
  'upgrade-insecure-requests' => '1',
  'origin' => 'http://localhost',
  'cache-control' => 'max-age=0',
  'content-length' => '47842',
  'connection' => 'close',
  'host' => 'localhost',
)
[ info ] [ PARAM ] array (
)
[ error ] [2]explode() expects parameter 2 to be string, array given[D:\PHPTutorial\WWW\shop\data\util\Upload.php:70]
---------------------------------------------------------------
[ 2018-11-15T16:14:55+08:00 ] ::1 POST localhost/shop/index/index/index.html
[运行时间：76.880859s] [吞吐率：0.01req/s] [内存消耗：1,927.73kb] [文件加载：81]
[ info ] [ LANG ] D:\PHPTutorial\WWW\shop\thinkphp\lang\zh-cn.php
[ info ] [ ROUTE ] array (
)
[ info ] [ HEADER ] array (
  'cookie' => 'XDEBUG_SESSION=17298',
  'accept-language' => 'zh-CN,zh;q=0.9',
  'accept-encoding' => 'gzip, deflate, br',
  'referer' => 'http://localhost/shop/index/index/index',
  'accept' => 'text/html,application/xhtml+xml,application/xml;q=0.9,image/webp,image/apng,*/*;q=0.8',
  'content-type' => 'multipart/form-data; boundary=----WebKitFormBoundary3kcwzE6ntC3gDvCy',
  'origin' => 'http://localhost',
  'user-agent' => 'Mozilla/5.0 (Windows NT 6.1; WOW64) AppleWebKit/537.36 (KHTML, like Gecko) Chrome/70.0.3538.67 Safari/537.36',
  'upgrade-insecure-requests' => '1',
  'cache-control' => 'max-age=0',
  'content-length' => '47842',
  'connection' => 'close',
  'host' => 'localhost',
)
[ info ] [ PARAM ] array (
)
[ error ] [2]explode() expects parameter 2 to be string, array given[D:\PHPTutorial\WWW\shop\data\util\Upload.php:70]
---------------------------------------------------------------
[ 2018-11-15T16:16:56+08:00 ] ::1 POST localhost/shop/index/index/index.html
[运行时间：90.958985s] [吞吐率：0.01req/s] [内存消耗：1,848.38kb] [文件加载：76]
[ info ] [ LANG ] D:\PHPTutorial\WWW\shop\thinkphp\lang\zh-cn.php
[ info ] [ ROUTE ] array (
)
[ info ] [ HEADER ] array (
  'cookie' => 'XDEBUG_SESSION=17298',
  'accept-language' => 'zh-CN,zh;q=0.9',
  'accept-encoding' => 'gzip, deflate, br',
  'referer' => 'http://localhost/shop/index/index/index',
  'accept' => 'text/html,application/xhtml+xml,application/xml;q=0.9,image/webp,image/apng,*/*;q=0.8',
  'content-type' => 'multipart/form-data; boundary=----WebKitFormBoundary3kcwzE6ntC3gDvCy',
  'origin' => 'http://localhost',
  'user-agent' => 'Mozilla/5.0 (Windows NT 6.1; WOW64) AppleWebKit/537.36 (KHTML, like Gecko) Chrome/70.0.3538.67 Safari/537.36',
  'upgrade-insecure-requests' => '1',
  'cache-control' => 'max-age=0',
  'content-length' => '47842',
  'connection' => 'close',
  'host' => 'localhost',
)
[ info ] [ PARAM ] array (
)
---------------------------------------------------------------
[ 2018-11-15T16:18:43+08:00 ] ::1 POST localhost/shop/index/index/index.html
[运行时间：56.467774s] [吞吐率：0.02req/s] [内存消耗：1,943.64kb] [文件加载：84]
[ info ] [ LANG ] D:\PHPTutorial\WWW\shop\thinkphp\lang\zh-cn.php
[ info ] [ ROUTE ] array (
)
[ info ] [ HEADER ] array (
  'cookie' => 'XDEBUG_SESSION=17298',
  'accept-language' => 'zh-CN,zh;q=0.9',
  'accept-encoding' => 'gzip, deflate, br',
  'referer' => 'http://localhost/shop/index/index/index',
  'accept' => 'text/html,application/xhtml+xml,application/xml;q=0.9,image/webp,image/apng,*/*;q=0.8',
  'content-type' => 'multipart/form-data; boundary=----WebKitFormBoundary3kcwzE6ntC3gDvCy',
  'origin' => 'http://localhost',
  'user-agent' => 'Mozilla/5.0 (Windows NT 6.1; WOW64) AppleWebKit/537.36 (KHTML, like Gecko) Chrome/70.0.3538.67 Safari/537.36',
  'upgrade-insecure-requests' => '1',
  'cache-control' => 'max-age=0',
  'content-length' => '47842',
  'connection' => 'close',
  'host' => 'localhost',
)
[ info ] [ PARAM ] array (
)
[ error ] [2]explode() expects parameter 2 to be string, array given[D:\PHPTutorial\WWW\shop\data\util\Upload.php:70]
---------------------------------------------------------------
[ 2018-11-15T16:19:55+08:00 ] ::1 POST localhost/shop/index/index/index.html
[运行时间：32.261719s] [吞吐率：0.03req/s] [内存消耗：1,857.70kb] [文件加载：78]
[ info ] [ LANG ] D:\PHPTutorial\WWW\shop\thinkphp\lang\zh-cn.php
[ info ] [ ROUTE ] array (
)
[ info ] [ HEADER ] array (
  'cookie' => 'XDEBUG_SESSION=17298',
  'accept-language' => 'zh-CN,zh;q=0.9',
  'accept-encoding' => 'gzip, deflate, br',
  'referer' => 'http://localhost/shop/index/index/index',
  'accept' => 'text/html,application/xhtml+xml,application/xml;q=0.9,image/webp,image/apng,*/*;q=0.8',
  'content-type' => 'multipart/form-data; boundary=----WebKitFormBoundary3kcwzE6ntC3gDvCy',
  'origin' => 'http://localhost',
  'user-agent' => 'Mozilla/5.0 (Windows NT 6.1; WOW64) AppleWebKit/537.36 (KHTML, like Gecko) Chrome/70.0.3538.67 Safari/537.36',
  'upgrade-insecure-requests' => '1',
  'cache-control' => 'max-age=0',
  'content-length' => '47842',
  'connection' => 'close',
  'host' => 'localhost',
)
[ info ] [ PARAM ] array (
)
---------------------------------------------------------------
[ 2018-11-15T16:19:58+08:00 ] ::1 GET localhost/shop/index/index/
[运行时间：3.287109s] [吞吐率：0.30req/s] [内存消耗：1,786.72kb] [文件加载：72]
[ info ] [ LANG ] D:\PHPTutorial\WWW\shop\thinkphp\lang\zh-cn.php
[ info ] [ ROUTE ] array (
)
[ info ] [ HEADER ] array (
  'cookie' => 'XDEBUG_SESSION=17298',
  'accept-language' => 'zh-CN,zh;q=0.9',
  'accept-encoding' => 'gzip, deflate, br',
  'accept' => 'text/html,application/xhtml+xml,application/xml;q=0.9,image/webp,image/apng,*/*;q=0.8',
  'user-agent' => 'Mozilla/5.0 (Windows NT 6.1; WOW64) AppleWebKit/537.36 (KHTML, like Gecko) Chrome/70.0.3538.67 Safari/537.36',
  'upgrade-insecure-requests' => '1',
  'connection' => 'close',
  'host' => 'localhost',
)
[ info ] [ PARAM ] array (
)
---------------------------------------------------------------
[ 2018-11-15T16:20:15+08:00 ] ::1 GET localhost/shop/index/index/
[运行时间：10.772461s] [吞吐率：0.09req/s] [内存消耗：1,787.38kb] [文件加载：72]
[ info ] [ LANG ] D:\PHPTutorial\WWW\shop\thinkphp\lang\zh-cn.php
[ info ] [ ROUTE ] array (
)
[ info ] [ HEADER ] array (
  'cookie' => 'XDEBUG_SESSION=17298',
  'accept-language' => 'zh-CN,zh;q=0.9',
  'accept-encoding' => 'gzip, deflate, br',
  'accept' => 'text/html,application/xhtml+xml,application/xml;q=0.9,image/webp,image/apng,*/*;q=0.8',
  'user-agent' => 'Mozilla/5.0 (Windows NT 6.1; WOW64) AppleWebKit/537.36 (KHTML, like Gecko) Chrome/70.0.3538.67 Safari/537.36',
  'upgrade-insecure-requests' => '1',
  'cache-control' => 'max-age=0',
  'connection' => 'close',
  'host' => 'localhost',
)
[ info ] [ PARAM ] array (
)
---------------------------------------------------------------
[ 2018-11-15T16:20:22+08:00 ] ::1 GET localhost/shop/admin/login/login
[运行时间：0.243164s] [吞吐率：4.11req/s] [内存消耗：1,885.26kb] [文件加载：78]
[ info ] [ LANG ] D:\PHPTutorial\WWW\shop\thinkphp\lang\zh-cn.php
[ info ] [ ROUTE ] array (
  'rule' => 'admin/login/<action>',
  'route' => 'admin/login/login',
  'option' => 
  array (
    'merge_rule_regex' => false,
  ),
  'var' => 
  array (
    'action' => 'login',
  ),
)
[ info ] [ HEADER ] array (
  'cookie' => 'XDEBUG_SESSION=17298',
  'accept-language' => 'zh-CN,zh;q=0.9',
  'accept-encoding' => 'gzip, deflate, br',
  'accept' => 'text/html,application/xhtml+xml,application/xml;q=0.9,image/webp,image/apng,*/*;q=0.8',
  'user-agent' => 'Mozilla/5.0 (Windows NT 6.1; WOW64) AppleWebKit/537.36 (KHTML, like Gecko) Chrome/70.0.3538.67 Safari/537.36',
  'upgrade-insecure-requests' => '1',
  'purpose' => 'prefetch',
  'connection' => 'close',
  'host' => 'localhost',
)
[ info ] [ PARAM ] array (
  'action' => 'login',
)
[ info ] [ VIEW ] D:\PHPTutorial\WWW\shop\application\admin\view\login\login.html [ array (
) ]
---------------------------------------------------------------
[ 2018-11-15T16:20:44+08:00 ] ::1 GET localhost/shop/index/index/index
[运行时间：16.808594s] [吞吐率：0.06req/s] [内存消耗：1,899.78kb] [文件加载：77]
[ info ] [ LANG ] D:\PHPTutorial\WWW\shop\thinkphp\lang\zh-cn.php
[ info ] [ ROUTE ] array (
)
[ info ] [ HEADER ] array (
  'cookie' => 'XDEBUG_SESSION=17298',
  'accept-language' => 'zh-CN,zh;q=0.9',
  'accept-encoding' => 'gzip, deflate, br',
  'accept' => 'text/html,application/xhtml+xml,application/xml;q=0.9,image/webp,image/apng,*/*;q=0.8',
  'user-agent' => 'Mozilla/5.0 (Windows NT 6.1; WOW64) AppleWebKit/537.36 (KHTML, like Gecko) Chrome/70.0.3538.67 Safari/537.36',
  'upgrade-insecure-requests' => '1',
  'connection' => 'close',
  'host' => 'localhost',
)
[ info ] [ PARAM ] array (
)
[ info ] [ VIEW ] D:\PHPTutorial\WWW\shop\application\index\view\index\index.html [ array (
) ]
---------------------------------------------------------------
[ 2018-11-15T16:21:02+08:00 ] ::1 GET localhost/shop/index/index/index
[运行时间：0.069336s] [吞吐率：14.42req/s] [内存消耗：1,891.09kb] [文件加载：77]
[ info ] [ LANG ] D:\PHPTutorial\WWW\shop\thinkphp\lang\zh-cn.php
[ info ] [ ROUTE ] array (
)
[ info ] [ HEADER ] array (
  'cookie' => 'XDEBUG_SESSION=17298',
  'accept-language' => 'zh-CN,zh;q=0.9',
  'accept-encoding' => 'gzip, deflate, br',
  'accept' => 'text/html,application/xhtml+xml,application/xml;q=0.9,image/webp,image/apng,*/*;q=0.8',
  'user-agent' => 'Mozilla/5.0 (Windows NT 6.1; WOW64) AppleWebKit/537.36 (KHTML, like Gecko) Chrome/70.0.3538.67 Safari/537.36',
  'upgrade-insecure-requests' => '1',
  'cache-control' => 'max-age=0',
  'connection' => 'close',
  'host' => 'localhost',
)
[ info ] [ PARAM ] array (
)
[ info ] [ VIEW ] D:\PHPTutorial\WWW\shop\application\index\view\index\index.html [ array (
) ]
---------------------------------------------------------------
[ 2018-11-15T16:22:45+08:00 ] ::1 POST localhost/shop/index/index/index.html
[运行时间：90.420899s] [吞吐率：0.01req/s] [内存消耗：1,890.88kb] [文件加载：80]
[ info ] [ LANG ] D:\PHPTutorial\WWW\shop\thinkphp\lang\zh-cn.php
[ info ] [ ROUTE ] array (
)
[ info ] [ HEADER ] array (
  'cookie' => 'XDEBUG_SESSION=17298',
  'accept-language' => 'zh-CN,zh;q=0.9',
  'accept-encoding' => 'gzip, deflate, br',
  'referer' => 'http://localhost/shop/index/index/index',
  'accept' => 'text/html,application/xhtml+xml,application/xml;q=0.9,image/webp,image/apng,*/*;q=0.8',
  'user-agent' => 'Mozilla/5.0 (Windows NT 6.1; WOW64) AppleWebKit/537.36 (KHTML, like Gecko) Chrome/70.0.3538.67 Safari/537.36',
  'content-type' => 'multipart/form-data; boundary=----WebKitFormBoundaryCGLB6T8KUBgl7uVC',
  'upgrade-insecure-requests' => '1',
  'origin' => 'http://localhost',
  'cache-control' => 'max-age=0',
  'content-length' => '47842',
  'connection' => 'close',
  'host' => 'localhost',
)
[ info ] [ PARAM ] array (
)
---------------------------------------------------------------
[ 2018-11-15T16:22:45+08:00 ] ::1 GET localhost/shop/index/index/index
[运行时间：0.088868s] [吞吐率：11.25req/s] [内存消耗：1,891.09kb] [文件加载：77]
[ info ] [ LANG ] D:\PHPTutorial\WWW\shop\thinkphp\lang\zh-cn.php
[ info ] [ ROUTE ] array (
)
[ info ] [ HEADER ] array (
  'cookie' => 'XDEBUG_SESSION=17298',
  'accept-language' => 'zh-CN,zh;q=0.9',
  'accept-encoding' => 'gzip, deflate, br',
  'accept' => 'text/html,application/xhtml+xml,application/xml;q=0.9,image/webp,image/apng,*/*;q=0.8',
  'user-agent' => 'Mozilla/5.0 (Windows NT 6.1; WOW64) AppleWebKit/537.36 (KHTML, like Gecko) Chrome/70.0.3538.67 Safari/537.36',
  'upgrade-insecure-requests' => '1',
  'cache-control' => 'max-age=0',
  'connection' => 'close',
  'host' => 'localhost',
)
[ info ] [ PARAM ] array (
)
[ info ] [ VIEW ] D:\PHPTutorial\WWW\shop\application\index\view\index\index.html [ array (
) ]
---------------------------------------------------------------
[ 2018-11-15T16:22:45+08:00 ] ::1 GET localhost/shop/index/index/index
[运行时间：0.091797s] [吞吐率：10.89req/s] [内存消耗：1,891.09kb] [文件加载：77]
[ info ] [ LANG ] D:\PHPTutorial\WWW\shop\thinkphp\lang\zh-cn.php
[ info ] [ ROUTE ] array (
)
[ info ] [ HEADER ] array (
  'cookie' => 'XDEBUG_SESSION=17298',
  'accept-language' => 'zh-CN,zh;q=0.9',
  'accept-encoding' => 'gzip, deflate, br',
  'accept' => 'text/html,application/xhtml+xml,application/xml;q=0.9,image/webp,image/apng,*/*;q=0.8',
  'user-agent' => 'Mozilla/5.0 (Windows NT 6.1; WOW64) AppleWebKit/537.36 (KHTML, like Gecko) Chrome/70.0.3538.67 Safari/537.36',
  'upgrade-insecure-requests' => '1',
  'cache-control' => 'max-age=0',
  'connection' => 'close',
  'host' => 'localhost',
)
[ info ] [ PARAM ] array (
)
[ info ] [ VIEW ] D:\PHPTutorial\WWW\shop\application\index\view\index\index.html [ array (
) ]
---------------------------------------------------------------
[ 2018-11-15T16:22:46+08:00 ] ::1 GET localhost/shop/index/index/index
[运行时间：0.076172s] [吞吐率：13.13req/s] [内存消耗：1,891.09kb] [文件加载：77]
[ info ] [ LANG ] D:\PHPTutorial\WWW\shop\thinkphp\lang\zh-cn.php
[ info ] [ ROUTE ] array (
)
[ info ] [ HEADER ] array (
  'cookie' => 'XDEBUG_SESSION=17298',
  'accept-language' => 'zh-CN,zh;q=0.9',
  'accept-encoding' => 'gzip, deflate, br',
  'accept' => 'text/html,application/xhtml+xml,application/xml;q=0.9,image/webp,image/apng,*/*;q=0.8',
  'user-agent' => 'Mozilla/5.0 (Windows NT 6.1; WOW64) AppleWebKit/537.36 (KHTML, like Gecko) Chrome/70.0.3538.67 Safari/537.36',
  'upgrade-insecure-requests' => '1',
  'cache-control' => 'max-age=0',
  'connection' => 'close',
  'host' => 'localhost',
)
[ info ] [ PARAM ] array (
)
[ info ] [ VIEW ] D:\PHPTutorial\WWW\shop\application\index\view\index\index.html [ array (
) ]
---------------------------------------------------------------
[ 2018-11-15T16:22:48+08:00 ] ::1 GET localhost/shop/index/index/index
[运行时间：0.078125s] [吞吐率：12.80req/s] [内存消耗：1,891.09kb] [文件加载：77]
[ info ] [ LANG ] D:\PHPTutorial\WWW\shop\thinkphp\lang\zh-cn.php
[ info ] [ ROUTE ] array (
)
[ info ] [ HEADER ] array (
  'cookie' => 'XDEBUG_SESSION=17298',
  'accept-language' => 'zh-CN,zh;q=0.9',
  'accept-encoding' => 'gzip, deflate, br',
  'accept' => 'text/html,application/xhtml+xml,application/xml;q=0.9,image/webp,image/apng,*/*;q=0.8',
  'user-agent' => 'Mozilla/5.0 (Windows NT 6.1; WOW64) AppleWebKit/537.36 (KHTML, like Gecko) Chrome/70.0.3538.67 Safari/537.36',
  'upgrade-insecure-requests' => '1',
  'cache-control' => 'max-age=0',
  'connection' => 'close',
  'host' => 'localhost',
)
[ info ] [ PARAM ] array (
)
[ info ] [ VIEW ] D:\PHPTutorial\WWW\shop\application\index\view\index\index.html [ array (
) ]
---------------------------------------------------------------
[ 2018-11-15T16:26:17+08:00 ] ::1 POST localhost/shop/index/index/index.html
[运行时间：192.024414s] [吞吐率：0.01req/s] [内存消耗：1,891.38kb] [文件加载：80]
[ info ] [ LANG ] D:\PHPTutorial\WWW\shop\thinkphp\lang\zh-cn.php
[ info ] [ ROUTE ] array (
)
[ info ] [ HEADER ] array (
  'cookie' => 'XDEBUG_SESSION=17298',
  'accept-language' => 'zh-CN,zh;q=0.9',
  'accept-encoding' => 'gzip, deflate, br',
  'referer' => 'http://localhost/shop/index/index/index',
  'accept' => 'text/html,application/xhtml+xml,application/xml;q=0.9,image/webp,image/apng,*/*;q=0.8',
  'user-agent' => 'Mozilla/5.0 (Windows NT 6.1; WOW64) AppleWebKit/537.36 (KHTML, like Gecko) Chrome/70.0.3538.67 Safari/537.36',
  'content-type' => 'multipart/form-data; boundary=----WebKitFormBoundaryK91unMIHPS3KHexl',
  'upgrade-insecure-requests' => '1',
  'origin' => 'http://localhost',
  'cache-control' => 'max-age=0',
  'content-length' => '47837',
  'connection' => 'close',
  'host' => 'localhost',
)
[ info ] [ PARAM ] array (
)
---------------------------------------------------------------
[ 2018-11-15T16:27:46+08:00 ] ::1 POST localhost/shop/index/index/index.html
[运行时间：84.148438s] [吞吐率：0.01req/s] [内存消耗：1,927.50kb] [文件加载：81]
[ info ] [ LANG ] D:\PHPTutorial\WWW\shop\thinkphp\lang\zh-cn.php
[ info ] [ ROUTE ] array (
)
[ info ] [ HEADER ] array (
  'cookie' => 'XDEBUG_SESSION=17298',
  'accept-language' => 'zh-CN,zh;q=0.9',
  'accept-encoding' => 'gzip, deflate, br',
  'referer' => 'http://localhost/shop/index/index/index',
  'accept' => 'text/html,application/xhtml+xml,application/xml;q=0.9,image/webp,image/apng,*/*;q=0.8',
  'content-type' => 'multipart/form-data; boundary=----WebKitFormBoundaryK91unMIHPS3KHexl',
  'origin' => 'http://localhost',
  'user-agent' => 'Mozilla/5.0 (Windows NT 6.1; WOW64) AppleWebKit/537.36 (KHTML, like Gecko) Chrome/70.0.3538.67 Safari/537.36',
  'upgrade-insecure-requests' => '1',
  'cache-control' => 'max-age=0',
  'content-length' => '47837',
  'connection' => 'close',
  'host' => 'localhost',
)
[ info ] [ PARAM ] array (
)
[ error ] [2]Missing argument 1 for data\util\Upload::getFilePath(), called in D:\PHPTutorial\WWW\shop\data\util\Upload.php on line 36 and defined[D:\PHPTutorial\WWW\shop\data\util\Upload.php:55]
---------------------------------------------------------------
[ 2018-11-15T16:28:38+08:00 ] ::1 POST localhost/shop/index/index/index.html
[运行时间：51.543945s] [吞吐率：0.02req/s] [内存消耗：1,891.33kb] [文件加载：80]
[ info ] [ LANG ] D:\PHPTutorial\WWW\shop\thinkphp\lang\zh-cn.php
[ info ] [ ROUTE ] array (
)
[ info ] [ HEADER ] array (
  'cookie' => 'XDEBUG_SESSION=17298',
  'accept-language' => 'zh-CN,zh;q=0.9',
  'accept-encoding' => 'gzip, deflate, br',
  'referer' => 'http://localhost/shop/index/index/index',
  'accept' => 'text/html,application/xhtml+xml,application/xml;q=0.9,image/webp,image/apng,*/*;q=0.8',
  'content-type' => 'multipart/form-data; boundary=----WebKitFormBoundaryK91unMIHPS3KHexl',
  'origin' => 'http://localhost',
  'user-agent' => 'Mozilla/5.0 (Windows NT 6.1; WOW64) AppleWebKit/537.36 (KHTML, like Gecko) Chrome/70.0.3538.67 Safari/537.36',
  'upgrade-insecure-requests' => '1',
  'cache-control' => 'max-age=0',
  'content-length' => '47837',
  'connection' => 'close',
  'host' => 'localhost',
)
[ info ] [ PARAM ] array (
)
